2018-09-04 19:01:30,191 [MainThread:139712646133568] [django.db.backends.schema:124] [schema:execute] [DEBUG]- CREATE TABLE "django_migrations" ("id" integer NOT NULL PRIMARY KEY AUTOINCREMENT, "app" varchar(255) NOT NULL, "name" varchar(255) NOT NULL, "applied" datetime NOT NULL); (params None)
2018-09-04 19:01:30,199 [MainThread:139712646133568] [django.db.backends.schema:124] [schema:execute] [DEBUG]- CREATE TABLE "django_content_type" ("id" integer NOT NULL PRIMARY KEY AUTOINCREMENT, "name" varchar(100) NOT NULL, "app_label" varchar(100) NOT NULL, "model" varchar(100) NOT NULL); (params None)
2018-09-04 19:01:30,207 [MainThread:139712646133568] [django.db.backends.schema:124] [schema:execute] [DEBUG]- CREATE UNIQUE INDEX django_content_type_app_label_model_76bd3d3b_uniq ON "django_content_type" ("app_label", "model"); (params ())
2018-09-04 19:01:30,262 [MainThread:139712646133568] [django.db.backends.schema:124] [schema:execute] [DEBUG]- CREATE TABLE "auth_permission" ("id" integer NOT NULL PRIMARY KEY AUTOINCREMENT, "name" varchar(50) NOT NULL, "content_type_id" integer NOT NULL REFERENCES "django_content_type" ("id") DEFERRABLE INITIALLY DEFERRED, "codename" varchar(100) NOT NULL); (params None)
2018-09-04 19:01:30,284 [MainThread:139712646133568] [django.db.backends.schema:124] [schema:execute] [DEBUG]- CREATE TABLE "auth_group" ("id" integer NOT NULL PRIMARY KEY AUTOINCREMENT, "name" varchar(80) NOT NULL UNIQUE); (params None)
2018-09-04 19:01:30,291 [MainThread:139712646133568] [django.db.backends.schema:124] [schema:execute] [DEBUG]- CREATE TABLE "auth_group_permissions" ("id" integer NOT NULL PRIMARY KEY AUTOINCREMENT, "group_id" integer NOT NULL REFERENCES "auth_group" ("id") DEFERRABLE INITIALLY DEFERRED, "permission_id" integer NOT NULL REFERENCES "auth_permission" ("id") DEFERRABLE INITIALLY DEFERRED); (params None)
2018-09-04 19:01:30,365 [MainThread:139712646133568] [django.db.backends.schema:124] [schema:execute] [DEBUG]- CREATE TABLE "auth_user" ("id" integer NOT NULL PRIMARY KEY AUTOINCREMENT, "password" varchar(128) NOT NULL, "last_login" datetime NOT NULL, "is_superuser" bool NOT NULL, "username" varchar(30) NOT NULL UNIQUE, "first_name" varchar(30) NOT NULL, "last_name" varchar(30) NOT NULL, "email" varchar(75) NOT NULL, "is_staff" bool NOT NULL, "is_active" bool NOT NULL, "date_joined" datetime NOT NULL); (params None)
2018-09-04 19:01:30,372 [MainThread:139712646133568] [django.db.backends.schema:124] [schema:execute] [DEBUG]- CREATE TABLE "auth_user_groups" ("id" integer NOT NULL PRIMARY KEY AUTOINCREMENT, "user_id" integer NOT NULL REFERENCES "auth_user" ("id") DEFERRABLE INITIALLY DEFERRED, "group_id" integer NOT NULL REFERENCES "auth_group" ("id") DEFERRABLE INITIALLY DEFERRED); (params None)
2018-09-04 19:01:30,374 [MainThread:139712646133568] [django.db.backends.schema:124] [schema:execute] [DEBUG]- CREATE TABLE "auth_user_user_permissions" ("id" integer NOT NULL PRIMARY KEY AUTOINCREMENT, "user_id" integer NOT NULL REFERENCES "auth_user" ("id") DEFERRABLE INITIALLY DEFERRED, "permission_id" integer NOT NULL REFERENCES "auth_permission" ("id") DEFERRABLE INITIALLY DEFERRED); (params None)
2018-09-04 19:01:30,374 [MainThread:139712646133568] [django.db.backends.schema:124] [schema:execute] [DEBUG]- CREATE UNIQUE INDEX auth_permission_content_type_id_codename_01ab375a_uniq ON "auth_permission" ("content_type_id", "codename"); (params ())
2018-09-04 19:01:30,377 [MainThread:139712646133568] [django.db.backends.schema:124] [schema:execute] [DEBUG]- CREATE INDEX "auth_permission_content_type_id_2f476e4b" ON "auth_permission" ("content_type_id"); (params ())
2018-09-04 19:01:30,402 [MainThread:139712646133568] [django.db.backends.schema:124] [schema:execute] [DEBUG]- CREATE UNIQUE INDEX auth_group_permissions_group_id_permission_id_0cd325b0_uniq ON "auth_group_permissions" ("group_id", "permission_id"); (params ())
2018-09-04 19:01:30,404 [MainThread:139712646133568] [django.db.backends.schema:124] [schema:execute] [DEBUG]- CREATE INDEX "auth_group_permissions_group_id_b120cbf9" ON "auth_group_permissions" ("group_id"); (params ())
2018-09-04 19:01:30,405 [MainThread:139712646133568] [django.db.backends.schema:124] [schema:execute] [DEBUG]- CREATE INDEX "auth_group_permissions_permission_id_84c5c92e" ON "auth_group_permissions" ("permission_id"); (params ())
2018-09-04 19:01:30,405 [MainThread:139712646133568] [django.db.backends.schema:124] [schema:execute] [DEBUG]- CREATE UNIQUE INDEX auth_user_groups_user_id_group_id_94350c0c_uniq ON "auth_user_groups" ("user_id", "group_id"); (params ())
2018-09-04 19:01:30,405 [MainThread:139712646133568] [django.db.backends.schema:124] [schema:execute] [DEBUG]- CREATE INDEX "auth_user_groups_user_id_6a12ed8b" ON "auth_user_groups" ("user_id"); (params ())
2018-09-04 19:01:30,406 [MainThread:139712646133568] [django.db.backends.schema:124] [schema:execute] [DEBUG]- CREATE INDEX "auth_user_groups_group_id_97559544" ON "auth_user_groups" ("group_id"); (params ())
2018-09-04 19:01:30,406 [MainThread:139712646133568] [django.db.backends.schema:124] [schema:execute] [DEBUG]- CREATE UNIQUE INDEX auth_user_user_permissions_user_id_permission_id_14a6b632_uniq ON "auth_user_user_permissions" ("user_id", "permission_id"); (params ())
2018-09-04 19:01:30,406 [MainThread:139712646133568] [django.db.backends.schema:124] [schema:execute] [DEBUG]- CREATE INDEX "auth_user_user_permissions_user_id_a95ead1b" ON "auth_user_user_permissions" ("user_id"); (params ())
2018-09-04 19:01:30,407 [MainThread:139712646133568] [django.db.backends.schema:124] [schema:execute] [DEBUG]- CREATE INDEX "auth_user_user_permissions_permission_id_1fbb5f2c" ON "auth_user_user_permissions" ("permission_id"); (params ())
2018-09-04 19:01:30,493 [MainThread:139712646133568] [django.db.backends.schema:124] [schema:execute] [DEBUG]- CREATE TABLE "django_admin_log" ("id" integer NOT NULL PRIMARY KEY AUTOINCREMENT, "action_time" datetime NOT NULL, "object_id" text NULL, "object_repr" varchar(200) NOT NULL, "action_flag" smallint unsigned NOT NULL, "change_message" text NOT NULL, "content_type_id" integer NULL REFERENCES "django_content_type" ("id") DEFERRABLE INITIALLY DEFERRED, "user_id" integer NOT NULL REFERENCES "auth_user" ("id") DEFERRABLE INITIALLY DEFERRED); (params None)
2018-09-04 19:01:30,495 [MainThread:139712646133568] [django.db.backends.schema:124] [schema:execute] [DEBUG]- CREATE INDEX "django_admin_log_content_type_id_c4bce8eb" ON "django_admin_log" ("content_type_id"); (params ())
2018-09-04 19:01:30,498 [MainThread:139712646133568] [django.db.backends.schema:124] [schema:execute] [DEBUG]- CREATE INDEX "django_admin_log_user_id_c564eba6" ON "django_admin_log" ("user_id"); (params ())
2018-09-04 19:01:30,616 [MainThread:139712646133568] [django.db.backends.schema:124] [schema:execute] [DEBUG]- ALTER TABLE "django_admin_log" RENAME TO "django_admin_log__old"; (params ())
2018-09-04 19:01:30,624 [MainThread:139712646133568] [django.db.backends.schema:124] [schema:execute] [DEBUG]- CREATE TABLE "django_admin_log" ("id" integer NOT NULL PRIMARY KEY AUTOINCREMENT, "object_id" text NULL, "object_repr" varchar(200) NOT NULL, "action_flag" smallint unsigned NOT NULL, "change_message" text NOT NULL, "content_type_id" integer NULL REFERENCES "django_content_type" ("id") DEFERRABLE INITIALLY DEFERRED, "user_id" integer NOT NULL REFERENCES "auth_user" ("id") DEFERRABLE INITIALLY DEFERRED, "action_time" datetime NOT NULL); (params None)
2018-09-04 19:01:30,635 [MainThread:139712646133568] [django.db.backends.schema:124] [schema:execute] [DEBUG]- INSERT INTO "django_admin_log" ("id", "object_id", "object_repr", "action_flag", "change_message", "content_type_id", "user_id", "action_time") SELECT "id", "object_id", "object_repr", "action_flag", "change_message", "content_type_id", "user_id", "action_time" FROM "django_admin_log__old"; (params ())
2018-09-04 19:01:30,635 [MainThread:139712646133568] [django.db.backends.schema:124] [schema:execute] [DEBUG]- DROP TABLE "django_admin_log__old"; (params ())
2018-09-04 19:01:30,639 [MainThread:139712646133568] [django.db.backends.schema:124] [schema:execute] [DEBUG]- CREATE INDEX "django_admin_log_content_type_id_c4bce8eb" ON "django_admin_log" ("content_type_id"); (params ())
2018-09-04 19:01:30,640 [MainThread:139712646133568] [django.db.backends.schema:124] [schema:execute] [DEBUG]- CREATE INDEX "django_admin_log_user_id_c564eba6" ON "django_admin_log" ("user_id"); (params ())
2018-09-04 19:01:30,755 [MainThread:139712646133568] [django.db.backends.schema:124] [schema:execute] [DEBUG]- ALTER TABLE "django_admin_log" RENAME TO "django_admin_log__old"; (params ())
2018-09-04 19:01:30,758 [MainThread:139712646133568] [django.db.backends.schema:124] [schema:execute] [DEBUG]- CREATE TABLE "django_admin_log" ("id" integer NOT NULL PRIMARY KEY AUTOINCREMENT, "action_time" datetime NOT NULL, "object_id" text NULL, "object_repr" varchar(200) NOT NULL, "change_message" text NOT NULL, "content_type_id" integer NULL REFERENCES "django_content_type" ("id") DEFERRABLE INITIALLY DEFERRED, "user_id" integer NOT NULL REFERENCES "auth_user" ("id") DEFERRABLE INITIALLY DEFERRED, "action_flag" smallint unsigned NOT NULL); (params None)
2018-09-04 19:01:30,767 [MainThread:139712646133568] [django.db.backends.schema:124] [schema:execute] [DEBUG]- INSERT INTO "django_admin_log" ("id", "action_time", "object_id", "object_repr", "change_message", "content_type_id", "user_id", "action_flag") SELECT "id", "action_time", "object_id", "object_repr", "change_message", "content_type_id", "user_id", "action_flag" FROM "django_admin_log__old"; (params ())
2018-09-04 19:01:30,767 [MainThread:139712646133568] [django.db.backends.schema:124] [schema:execute] [DEBUG]- DROP TABLE "django_admin_log__old"; (params ())
2018-09-04 19:01:30,768 [MainThread:139712646133568] [django.db.backends.schema:124] [schema:execute] [DEBUG]- CREATE INDEX "django_admin_log_content_type_id_c4bce8eb" ON "django_admin_log" ("content_type_id"); (params ())
2018-09-04 19:01:30,769 [MainThread:139712646133568] [django.db.backends.schema:124] [schema:execute] [DEBUG]- CREATE INDEX "django_admin_log_user_id_c564eba6" ON "django_admin_log" ("user_id"); (params ())
2018-09-04 19:01:30,823 [MainThread:139712646133568] [django.db.backends.schema:124] [schema:execute] [DEBUG]- ALTER TABLE "django_content_type" RENAME TO "django_content_type__old"; (params ())
2018-09-04 19:01:30,853 [MainThread:139712646133568] [django.db.backends.schema:124] [schema:execute] [DEBUG]- CREATE TABLE "django_content_type" ("id" integer NOT NULL PRIMARY KEY AUTOINCREMENT, "app_label" varchar(100) NOT NULL, "model" varchar(100) NOT NULL, "name" varchar(100) NULL); (params None)
2018-09-04 19:01:30,857 [MainThread:139712646133568] [django.db.backends.schema:124] [schema:execute] [DEBUG]- INSERT INTO "django_content_type" ("id", "app_label", "model", "name") SELECT "id", "app_label", "model", "name" FROM "django_content_type__old"; (params ())
2018-09-04 19:01:30,863 [MainThread:139712646133568] [django.db.backends.schema:124] [schema:execute] [DEBUG]- DROP TABLE "django_content_type__old"; (params ())
2018-09-04 19:01:30,864 [MainThread:139712646133568] [django.db.backends.schema:124] [schema:execute] [DEBUG]- CREATE UNIQUE INDEX django_content_type_app_label_model_76bd3d3b_uniq ON "django_content_type" ("app_label", "model"); (params ())
2018-09-04 19:01:30,951 [MainThread:139712646133568] [django.db.backends.schema:124] [schema:execute] [DEBUG]- ALTER TABLE "django_content_type" RENAME TO "django_content_type__old"; (params ())
2018-09-04 19:01:30,954 [MainThread:139712646133568] [django.db.backends.schema:124] [schema:execute] [DEBUG]- CREATE TABLE "django_content_type" ("id" integer NOT NULL PRIMARY KEY AUTOINCREMENT, "app_label" varchar(100) NOT NULL, "model" varchar(100) NOT NULL); (params None)
2018-09-04 19:01:30,963 [MainThread:139712646133568] [django.db.backends.schema:124] [schema:execute] [DEBUG]- INSERT INTO "django_content_type" ("id", "app_label", "model") SELECT "id", "app_label", "model" FROM "django_content_type__old"; (params ())
2018-09-04 19:01:30,966 [MainThread:139712646133568] [django.db.backends.schema:124] [schema:execute] [DEBUG]- DROP TABLE "django_content_type__old"; (params ())
2018-09-04 19:01:30,971 [MainThread:139712646133568] [django.db.backends.schema:124] [schema:execute] [DEBUG]- CREATE UNIQUE INDEX django_content_type_app_label_model_76bd3d3b_uniq ON "django_content_type" ("app_label", "model"); (params ())
2018-09-04 19:01:30,993 [MainThread:139712646133568] [django.db.backends.schema:124] [schema:execute] [DEBUG]- ALTER TABLE "auth_permission" RENAME TO "auth_permission__old"; (params ())
2018-09-04 19:01:31,017 [MainThread:139712646133568] [django.db.backends.schema:124] [schema:execute] [DEBUG]- CREATE TABLE "auth_permission" ("id" integer NOT NULL PRIMARY KEY AUTOINCREMENT, "content_type_id" integer NOT NULL REFERENCES "django_content_type" ("id") DEFERRABLE INITIALLY DEFERRED, "codename" varchar(100) NOT NULL, "name" varchar(255) NOT NULL); (params None)
2018-09-04 19:01:31,019 [MainThread:139712646133568] [django.db.backends.schema:124] [schema:execute] [DEBUG]- INSERT INTO "auth_permission" ("id", "content_type_id", "codename", "name") SELECT "id", "content_type_id", "codename", "name" FROM "auth_permission__old"; (params ())
2018-09-04 19:01:31,022 [MainThread:139712646133568] [django.db.backends.schema:124] [schema:execute] [DEBUG]- DROP TABLE "auth_permission__old"; (params ())
2018-09-04 19:01:31,037 [MainThread:139712646133568] [django.db.backends.schema:124] [schema:execute] [DEBUG]- CREATE UNIQUE INDEX auth_permission_content_type_id_codename_01ab375a_uniq ON "auth_permission" ("content_type_id", "codename"); (params ())
2018-09-04 19:01:31,038 [MainThread:139712646133568] [django.db.backends.schema:124] [schema:execute] [DEBUG]- CREATE INDEX "auth_permission_content_type_id_2f476e4b" ON "auth_permission" ("content_type_id"); (params ())
2018-09-04 19:01:31,112 [MainThread:139712646133568] [django.db.backends.schema:124] [schema:execute] [DEBUG]- ALTER TABLE "auth_user" RENAME TO "auth_user__old"; (params ())
2018-09-04 19:01:31,117 [MainThread:139712646133568] [django.db.backends.schema:124] [schema:execute] [DEBUG]- CREATE TABLE "auth_user" ("id" integer NOT NULL PRIMARY KEY AUTOINCREMENT, "password" varchar(128) NOT NULL, "last_login" datetime NOT NULL, "is_superuser" bool NOT NULL, "username" varchar(30) NOT NULL UNIQUE, "first_name" varchar(30) NOT NULL, "last_name" varchar(30) NOT NULL, "is_staff" bool NOT NULL, "is_active" bool NOT NULL, "date_joined" datetime NOT NULL, "email" varchar(254) NOT NULL); (params None)
2018-09-04 19:01:31,117 [MainThread:139712646133568] [django.db.backends.schema:124] [schema:execute] [DEBUG]- INSERT INTO "auth_user" ("id", "password", "last_login", "is_superuser", "username", "first_name", "last_name", "is_staff", "is_active", "date_joined", "email") SELECT "id", "password", "last_login", "is_superuser", "username", "first_name", "last_name", "is_staff", "is_active", "date_joined", "email" FROM "auth_user__old"; (params ())
2018-09-04 19:01:31,118 [MainThread:139712646133568] [django.db.backends.schema:124] [schema:execute] [DEBUG]- DROP TABLE "auth_user__old"; (params ())
2018-09-04 19:01:31,210 [MainThread:139712646133568] [django.db.backends.schema:124] [schema:execute] [DEBUG]- ALTER TABLE "auth_user" RENAME TO "auth_user__old"; (params ())
2018-09-04 19:01:31,216 [MainThread:139712646133568] [django.db.backends.schema:124] [schema:execute] [DEBUG]- CREATE TABLE "auth_user" ("id" integer NOT NULL PRIMARY KEY AUTOINCREMENT, "password" varchar(128) NOT NULL, "last_login" datetime NOT NULL, "is_superuser" bool NOT NULL, "first_name" varchar(30) NOT NULL, "last_name" varchar(30) NOT NULL, "email" varchar(254) NOT NULL, "is_staff" bool NOT NULL, "is_active" bool NOT NULL, "date_joined" datetime NOT NULL, "username" varchar(30) NOT NULL UNIQUE); (params None)
2018-09-04 19:01:31,219 [MainThread:139712646133568] [django.db.backends.schema:124] [schema:execute] [DEBUG]- INSERT INTO "auth_user" ("id", "password", "last_login", "is_superuser", "first_name", "last_name", "email", "is_staff", "is_active", "date_joined", "username") SELECT "id", "password", "last_login", "is_superuser", "first_name", "last_name", "email", "is_staff", "is_active", "date_joined", "username" FROM "auth_user__old"; (params ())
2018-09-04 19:01:31,220 [MainThread:139712646133568] [django.db.backends.schema:124] [schema:execute] [DEBUG]- DROP TABLE "auth_user__old"; (params ())
2018-09-04 19:01:31,268 [MainThread:139712646133568] [django.db.backends.schema:124] [schema:execute] [DEBUG]- ALTER TABLE "auth_user" RENAME TO "auth_user__old"; (params ())
2018-09-04 19:01:31,269 [MainThread:139712646133568] [django.db.backends.schema:124] [schema:execute] [DEBUG]- CREATE TABLE "auth_user" ("id" integer NOT NULL PRIMARY KEY AUTOINCREMENT, "password" varchar(128) NOT NULL, "is_superuser" bool NOT NULL, "username" varchar(30) NOT NULL UNIQUE, "first_name" varchar(30) NOT NULL, "last_name" varchar(30) NOT NULL, "email" varchar(254) NOT NULL, "is_staff" bool NOT NULL, "is_active" bool NOT NULL, "date_joined" datetime NOT NULL, "last_login" datetime NULL); (params None)
2018-09-04 19:01:31,269 [MainThread:139712646133568] [django.db.backends.schema:124] [schema:execute] [DEBUG]- INSERT INTO "auth_user" ("id", "password", "is_superuser", "username", "first_name", "last_name", "email", "is_staff", "is_active", "date_joined", "last_login") SELECT "id", "password", "is_superuser", "username", "first_name", "last_name", "email", "is_staff", "is_active", "date_joined", "last_login" FROM "auth_user__old"; (params ())
2018-09-04 19:01:31,271 [MainThread:139712646133568] [django.db.backends.schema:124] [schema:execute] [DEBUG]- DROP TABLE "auth_user__old"; (params ())
2018-09-04 19:01:31,372 [MainThread:139712646133568] [django.db.backends.schema:124] [schema:execute] [DEBUG]- ALTER TABLE "auth_user" RENAME TO "auth_user__old"; (params ())
2018-09-04 19:01:31,375 [MainThread:139712646133568] [django.db.backends.schema:124] [schema:execute] [DEBUG]- CREATE TABLE "auth_user" ("id" integer NOT NULL PRIMARY KEY AUTOINCREMENT, "password" varchar(128) NOT NULL, "last_login" datetime NULL, "is_superuser" bool NOT NULL, "first_name" varchar(30) NOT NULL, "last_name" varchar(30) NOT NULL, "email" varchar(254) NOT NULL, "is_staff" bool NOT NULL, "is_active" bool NOT NULL, "date_joined" datetime NOT NULL, "username" varchar(30) NOT NULL UNIQUE); (params None)
2018-09-04 19:01:31,381 [MainThread:139712646133568] [django.db.backends.schema:124] [schema:execute] [DEBUG]- INSERT INTO "auth_user" ("id", "password", "last_login", "is_superuser", "first_name", "last_name", "email", "is_staff", "is_active", "date_joined", "username") SELECT "id", "password", "last_login", "is_superuser", "first_name", "last_name", "email", "is_staff", "is_active", "date_joined", "username" FROM "auth_user__old"; (params ())
2018-09-04 19:01:31,384 [MainThread:139712646133568] [django.db.backends.schema:124] [schema:execute] [DEBUG]- DROP TABLE "auth_user__old"; (params ())
2018-09-04 19:01:31,434 [MainThread:139712646133568] [django.db.backends.schema:124] [schema:execute] [DEBUG]- ALTER TABLE "auth_user" RENAME TO "auth_user__old"; (params ())
2018-09-04 19:01:31,437 [MainThread:139712646133568] [django.db.backends.schema:124] [schema:execute] [DEBUG]- CREATE TABLE "auth_user" ("id" integer NOT NULL PRIMARY KEY AUTOINCREMENT, "password" varchar(128) NOT NULL, "last_login" datetime NULL, "is_superuser" bool NOT NULL, "first_name" varchar(30) NOT NULL, "last_name" varchar(30) NOT NULL, "email" varchar(254) NOT NULL, "is_staff" bool NOT NULL, "is_active" bool NOT NULL, "date_joined" datetime NOT NULL, "username" varchar(150) NOT NULL UNIQUE); (params None)
2018-09-04 19:01:31,438 [MainThread:139712646133568] [django.db.backends.schema:124] [schema:execute] [DEBUG]- INSERT INTO "auth_user" ("id", "password", "last_login", "is_superuser", "first_name", "last_name", "email", "is_staff", "is_active", "date_joined", "username") SELECT "id", "password", "last_login", "is_superuser", "first_name", "last_name", "email", "is_staff", "is_active", "date_joined", "username" FROM "auth_user__old"; (params ())
2018-09-04 19:01:31,438 [MainThread:139712646133568] [django.db.backends.schema:124] [schema:execute] [DEBUG]- DROP TABLE "auth_user__old"; (params ())
2018-09-04 19:01:31,501 [MainThread:139712646133568] [django.db.backends.schema:124] [schema:execute] [DEBUG]- ALTER TABLE "auth_user" RENAME TO "auth_user__old"; (params ())
2018-09-04 19:01:31,502 [MainThread:139712646133568] [django.db.backends.schema:124] [schema:execute] [DEBUG]- CREATE TABLE "auth_user" ("id" integer NOT NULL PRIMARY KEY AUTOINCREMENT, "password" varchar(128) NOT NULL, "last_login" datetime NULL, "is_superuser" bool NOT NULL, "username" varchar(150) NOT NULL UNIQUE, "first_name" varchar(30) NOT NULL, "email" varchar(254) NOT NULL, "is_staff" bool NOT NULL, "is_active" bool NOT NULL, "date_joined" datetime NOT NULL, "last_name" varchar(150) NOT NULL); (params None)
2018-09-04 19:01:31,506 [MainThread:139712646133568] [django.db.backends.schema:124] [schema:execute] [DEBUG]- INSERT INTO "auth_user" ("id", "password", "last_login", "is_superuser", "username", "first_name", "email", "is_staff", "is_active", "date_joined", "last_name") SELECT "id", "password", "last_login", "is_superuser", "username", "first_name", "email", "is_staff", "is_active", "date_joined", "last_name" FROM "auth_user__old"; (params ())
2018-09-04 19:01:31,508 [MainThread:139712646133568] [django.db.backends.schema:124] [schema:execute] [DEBUG]- DROP TABLE "auth_user__old"; (params ())
2018-09-04 19:01:31,535 [MainThread:139712646133568] [django.db.backends.schema:124] [schema:execute] [DEBUG]- CREATE TABLE "image_zone_display_image" ("id" integer NOT NULL PRIMARY KEY AUTOINCREMENT, "image_title" varchar(20) NOT NULL, "image_url" varchar(20) NOT NULL, "image_description" text NOT NULL); (params None)
2018-09-04 19:01:31,548 [MainThread:139712646133568] [django.db.backends.schema:124] [schema:execute] [DEBUG]- ALTER TABLE "image_zone_display_image" RENAME TO "image_zone_display_image__old"; (params ())
2018-09-04 19:01:31,550 [MainThread:139712646133568] [django.db.backends.schema:124] [schema:execute] [DEBUG]- CREATE TABLE "image_zone_display_image" ("id" integer NOT NULL PRIMARY KEY AUTOINCREMENT, "image_title" varchar(20) NOT NULL, "image_description" text NOT NULL, "image_url" varchar(100) NOT NULL); (params None)
2018-09-04 19:01:31,554 [MainThread:139712646133568] [django.db.backends.schema:124] [schema:execute] [DEBUG]- INSERT INTO "image_zone_display_image" ("id", "image_title", "image_description", "image_url") SELECT "id", "image_title", "image_description", "image_url" FROM "image_zone_display_image__old"; (params ())
2018-09-04 19:01:31,555 [MainThread:139712646133568] [django.db.backends.schema:124] [schema:execute] [DEBUG]- DROP TABLE "image_zone_display_image__old"; (params ())
2018-09-04 19:01:31,569 [MainThread:139712646133568] [django.db.backends.schema:124] [schema:execute] [DEBUG]- CREATE TABLE "django_session" ("session_key" varchar(40) NOT NULL PRIMARY KEY, "session_data" text NOT NULL, "expire_date" datetime NOT NULL); (params None)
2018-09-04 19:01:31,570 [MainThread:139712646133568] [django.db.backends.schema:124] [schema:execute] [DEBUG]- CREATE INDEX "django_session_expire_date_a5c62663" ON "django_session" ("expire_date"); (params ())
2018-09-04 19:06:45,195 [MainThread:140203077801792] [django.db.backends.schema:124] [schema:execute] [DEBUG]- CREATE TABLE "django_migrations" ("id" integer NOT NULL PRIMARY KEY AUTOINCREMENT, "app" varchar(255) NOT NULL, "name" varchar(255) NOT NULL, "applied" datetime NOT NULL); (params None)
2018-09-04 19:06:45,202 [MainThread:140203077801792] [django.db.backends.schema:124] [schema:execute] [DEBUG]- CREATE TABLE "django_content_type" ("id" integer NOT NULL PRIMARY KEY AUTOINCREMENT, "name" varchar(100) NOT NULL, "app_label" varchar(100) NOT NULL, "model" varchar(100) NOT NULL); (params None)
2018-09-04 19:06:45,207 [MainThread:140203077801792] [django.db.backends.schema:124] [schema:execute] [DEBUG]- CREATE UNIQUE INDEX django_content_type_app_label_model_76bd3d3b_uniq ON "django_content_type" ("app_label", "model"); (params ())
2018-09-04 19:06:45,247 [MainThread:140203077801792] [django.db.backends.schema:124] [schema:execute] [DEBUG]- CREATE TABLE "auth_permission" ("id" integer NOT NULL PRIMARY KEY AUTOINCREMENT, "name" varchar(50) NOT NULL, "content_type_id" integer NOT NULL REFERENCES "django_content_type" ("id") DEFERRABLE INITIALLY DEFERRED, "codename" varchar(100) NOT NULL); (params None)
2018-09-04 19:06:45,261 [MainThread:140203077801792] [django.db.backends.schema:124] [schema:execute] [DEBUG]- CREATE TABLE "auth_group" ("id" integer NOT NULL PRIMARY KEY AUTOINCREMENT, "name" varchar(80) NOT NULL UNIQUE); (params None)
2018-09-04 19:06:45,266 [MainThread:140203077801792] [django.db.backends.schema:124] [schema:execute] [DEBUG]- CREATE TABLE "auth_group_permissions" ("id" integer NOT NULL PRIMARY KEY AUTOINCREMENT, "group_id" integer NOT NULL REFERENCES "auth_group" ("id") DEFERRABLE INITIALLY DEFERRED, "permission_id" integer NOT NULL REFERENCES "auth_permission" ("id") DEFERRABLE INITIALLY DEFERRED); (params None)
2018-09-04 19:06:45,297 [MainThread:140203077801792] [django.db.backends.schema:124] [schema:execute] [DEBUG]- CREATE TABLE "auth_user" ("id" integer NOT NULL PRIMARY KEY AUTOINCREMENT, "password" varchar(128) NOT NULL, "last_login" datetime NOT NULL, "is_superuser" bool NOT NULL, "username" varchar(30) NOT NULL UNIQUE, "first_name" varchar(30) NOT NULL, "last_name" varchar(30) NOT NULL, "email" varchar(75) NOT NULL, "is_staff" bool NOT NULL, "is_active" bool NOT NULL, "date_joined" datetime NOT NULL); (params None)
2018-09-04 19:06:45,305 [MainThread:140203077801792] [django.db.backends.schema:124] [schema:execute] [DEBUG]- CREATE TABLE "auth_user_groups" ("id" integer NOT NULL PRIMARY KEY AUTOINCREMENT, "user_id" integer NOT NULL REFERENCES "auth_user" ("id") DEFERRABLE INITIALLY DEFERRED, "group_id" integer NOT NULL REFERENCES "auth_group" ("id") DEFERRABLE INITIALLY DEFERRED); (params None)
2018-09-04 19:06:45,311 [MainThread:140203077801792] [django.db.backends.schema:124] [schema:execute] [DEBUG]- CREATE TABLE "auth_user_user_permissions" ("id" integer NOT NULL PRIMARY KEY AUTOINCREMENT, "user_id" integer NOT NULL REFERENCES "auth_user" ("id") DEFERRABLE INITIALLY DEFERRED, "permission_id" integer NOT NULL REFERENCES "auth_permission" ("id") DEFERRABLE INITIALLY DEFERRED); (params None)
2018-09-04 19:06:45,312 [MainThread:140203077801792] [django.db.backends.schema:124] [schema:execute] [DEBUG]- CREATE UNIQUE INDEX auth_permission_content_type_id_codename_01ab375a_uniq ON "auth_permission" ("content_type_id", "codename"); (params ())
2018-09-04 19:06:45,318 [MainThread:140203077801792] [django.db.backends.schema:124] [schema:execute] [DEBUG]- CREATE INDEX "auth_permission_content_type_id_2f476e4b" ON "auth_permission" ("content_type_id"); (params ())
2018-09-04 19:06:45,319 [MainThread:140203077801792] [django.db.backends.schema:124] [schema:execute] [DEBUG]- CREATE UNIQUE INDEX auth_group_permissions_group_id_permission_id_0cd325b0_uniq ON "auth_group_permissions" ("group_id", "permission_id"); (params ())
2018-09-04 19:06:45,324 [MainThread:140203077801792] [django.db.backends.schema:124] [schema:execute] [DEBUG]- CREATE INDEX "auth_group_permissions_group_id_b120cbf9" ON "auth_group_permissions" ("group_id"); (params ())
2018-09-04 19:06:45,325 [MainThread:140203077801792] [django.db.backends.schema:124] [schema:execute] [DEBUG]- CREATE INDEX "auth_group_permissions_permission_id_84c5c92e" ON "auth_group_permissions" ("permission_id"); (params ())
2018-09-04 19:06:45,326 [MainThread:140203077801792] [django.db.backends.schema:124] [schema:execute] [DEBUG]- CREATE UNIQUE INDEX auth_user_groups_user_id_group_id_94350c0c_uniq ON "auth_user_groups" ("user_id", "group_id"); (params ())
2018-09-04 19:06:45,331 [MainThread:140203077801792] [django.db.backends.schema:124] [schema:execute] [DEBUG]- CREATE INDEX "auth_user_groups_user_id_6a12ed8b" ON "auth_user_groups" ("user_id"); (params ())
2018-09-04 19:06:45,332 [MainThread:140203077801792] [django.db.backends.schema:124] [schema:execute] [DEBUG]- CREATE INDEX "auth_user_groups_group_id_97559544" ON "auth_user_groups" ("group_id"); (params ())
2018-09-04 19:06:45,332 [MainThread:140203077801792] [django.db.backends.schema:124] [schema:execute] [DEBUG]- CREATE UNIQUE INDEX auth_user_user_permissions_user_id_permission_id_14a6b632_uniq ON "auth_user_user_permissions" ("user_id", "permission_id"); (params ())
2018-09-04 19:06:45,333 [MainThread:140203077801792] [django.db.backends.schema:124] [schema:execute] [DEBUG]- CREATE INDEX "auth_user_user_permissions_user_id_a95ead1b" ON "auth_user_user_permissions" ("user_id"); (params ())
2018-09-04 19:06:45,333 [MainThread:140203077801792] [django.db.backends.schema:124] [schema:execute] [DEBUG]- CREATE INDEX "auth_user_user_permissions_permission_id_1fbb5f2c" ON "auth_user_user_permissions" ("permission_id"); (params ())
2018-09-04 19:06:45,376 [MainThread:140203077801792] [django.db.backends.schema:124] [schema:execute] [DEBUG]- CREATE TABLE "django_admin_log" ("id" integer NOT NULL PRIMARY KEY AUTOINCREMENT, "action_time" datetime NOT NULL, "object_id" text NULL, "object_repr" varchar(200) NOT NULL, "action_flag" smallint unsigned NOT NULL, "change_message" text NOT NULL, "content_type_id" integer NULL REFERENCES "django_content_type" ("id") DEFERRABLE INITIALLY DEFERRED, "user_id" integer NOT NULL REFERENCES "auth_user" ("id") DEFERRABLE INITIALLY DEFERRED); (params None)
2018-09-04 19:06:45,383 [MainThread:140203077801792] [django.db.backends.schema:124] [schema:execute] [DEBUG]- CREATE INDEX "django_admin_log_content_type_id_c4bce8eb" ON "django_admin_log" ("content_type_id"); (params ())
2018-09-04 19:06:45,384 [MainThread:140203077801792] [django.db.backends.schema:124] [schema:execute] [DEBUG]- CREATE INDEX "django_admin_log_user_id_c564eba6" ON "django_admin_log" ("user_id"); (params ())
2018-09-04 19:06:45,419 [MainThread:140203077801792] [django.db.backends.schema:124] [schema:execute] [DEBUG]- ALTER TABLE "django_admin_log" RENAME TO "django_admin_log__old"; (params ())
2018-09-04 19:06:45,446 [MainThread:140203077801792] [django.db.backends.schema:124] [schema:execute] [DEBUG]- CREATE TABLE "django_admin_log" ("id" integer NOT NULL PRIMARY KEY AUTOINCREMENT, "object_id" text NULL, "object_repr" varchar(200) NOT NULL, "action_flag" smallint unsigned NOT NULL, "change_message" text NOT NULL, "content_type_id" integer NULL REFERENCES "django_content_type" ("id") DEFERRABLE INITIALLY DEFERRED, "user_id" integer NOT NULL REFERENCES "auth_user" ("id") DEFERRABLE INITIALLY DEFERRED, "action_time" datetime NOT NULL); (params None)
2018-09-04 19:06:45,448 [MainThread:140203077801792] [django.db.backends.schema:124] [schema:execute] [DEBUG]- INSERT INTO "django_admin_log" ("id", "object_id", "object_repr", "action_flag", "change_message", "content_type_id", "user_id", "action_time") SELECT "id", "object_id", "object_repr", "action_flag", "change_message", "content_type_id", "user_id", "action_time" FROM "django_admin_log__old"; (params ())
2018-09-04 19:06:45,450 [MainThread:140203077801792] [django.db.backends.schema:124] [schema:execute] [DEBUG]- DROP TABLE "django_admin_log__old"; (params ())
2018-09-04 19:06:45,450 [MainThread:140203077801792] [django.db.backends.schema:124] [schema:execute] [DEBUG]- CREATE INDEX "django_admin_log_content_type_id_c4bce8eb" ON "django_admin_log" ("content_type_id"); (params ())
2018-09-04 19:06:45,453 [MainThread:140203077801792] [django.db.backends.schema:124] [schema:execute] [DEBUG]- CREATE INDEX "django_admin_log_user_id_c564eba6" ON "django_admin_log" ("user_id"); (params ())
2018-09-04 19:06:45,518 [MainThread:140203077801792] [django.db.backends.schema:124] [schema:execute] [DEBUG]- ALTER TABLE "django_admin_log" RENAME TO "django_admin_log__old"; (params ())
2018-09-04 19:06:45,530 [MainThread:140203077801792] [django.db.backends.schema:124] [schema:execute] [DEBUG]- CREATE TABLE "django_admin_log" ("id" integer NOT NULL PRIMARY KEY AUTOINCREMENT, "action_time" datetime NOT NULL, "object_id" text NULL, "object_repr" varchar(200) NOT NULL, "change_message" text NOT NULL, "content_type_id" integer NULL REFERENCES "django_content_type" ("id") DEFERRABLE INITIALLY DEFERRED, "user_id" integer NOT NULL REFERENCES "auth_user" ("id") DEFERRABLE INITIALLY DEFERRED, "action_flag" smallint unsigned NOT NULL); (params None)
2018-09-04 19:06:45,535 [MainThread:140203077801792] [django.db.backends.schema:124] [schema:execute] [DEBUG]- INSERT INTO "django_admin_log" ("id", "action_time", "object_id", "object_repr", "change_message", "content_type_id", "user_id", "action_flag") SELECT "id", "action_time", "object_id", "object_repr", "change_message", "content_type_id", "user_id", "action_flag" FROM "django_admin_log__old"; (params ())
2018-09-04 19:06:45,535 [MainThread:140203077801792] [django.db.backends.schema:124] [schema:execute] [DEBUG]- DROP TABLE "django_admin_log__old"; (params ())
2018-09-04 19:06:45,549 [MainThread:140203077801792] [django.db.backends.schema:124] [schema:execute] [DEBUG]- CREATE INDEX "django_admin_log_content_type_id_c4bce8eb" ON "django_admin_log" ("content_type_id"); (params ())
2018-09-04 19:06:45,550 [MainThread:140203077801792] [django.db.backends.schema:124] [schema:execute] [DEBUG]- CREATE INDEX "django_admin_log_user_id_c564eba6" ON "django_admin_log" ("user_id"); (params ())
2018-09-04 19:06:45,602 [MainThread:140203077801792] [django.db.backends.schema:124] [schema:execute] [DEBUG]- ALTER TABLE "django_content_type" RENAME TO "django_content_type__old"; (params ())
2018-09-04 19:06:45,611 [MainThread:140203077801792] [django.db.backends.schema:124] [schema:execute] [DEBUG]- CREATE TABLE "django_content_type" ("id" integer NOT NULL PRIMARY KEY AUTOINCREMENT, "app_label" varchar(100) NOT NULL, "model" varchar(100) NOT NULL, "name" varchar(100) NULL); (params None)
2018-09-04 19:06:45,612 [MainThread:140203077801792] [django.db.backends.schema:124] [schema:execute] [DEBUG]- INSERT INTO "django_content_type" ("id", "app_label", "model", "name") SELECT "id", "app_label", "model", "name" FROM "django_content_type__old"; (params ())
2018-09-04 19:06:45,614 [MainThread:140203077801792] [django.db.backends.schema:124] [schema:execute] [DEBUG]- DROP TABLE "django_content_type__old"; (params ())
2018-09-04 19:06:45,623 [MainThread:140203077801792] [django.db.backends.schema:124] [schema:execute] [DEBUG]- CREATE UNIQUE INDEX django_content_type_app_label_model_76bd3d3b_uniq ON "django_content_type" ("app_label", "model"); (params ())
2018-09-04 19:06:45,681 [MainThread:140203077801792] [django.db.backends.schema:124] [schema:execute] [DEBUG]- ALTER TABLE "django_content_type" RENAME TO "django_content_type__old"; (params ())
2018-09-04 19:06:45,693 [MainThread:140203077801792] [django.db.backends.schema:124] [schema:execute] [DEBUG]- CREATE TABLE "django_content_type" ("id" integer NOT NULL PRIMARY KEY AUTOINCREMENT, "app_label" varchar(100) NOT NULL, "model" varchar(100) NOT NULL); (params None)
2018-09-04 19:06:45,695 [MainThread:140203077801792] [django.db.backends.schema:124] [schema:execute] [DEBUG]- INSERT INTO "django_content_type" ("id", "app_label", "model") SELECT "id", "app_label", "model" FROM "django_content_type__old"; (params ())
2018-09-04 19:06:45,697 [MainThread:140203077801792] [django.db.backends.schema:124] [schema:execute] [DEBUG]- DROP TABLE "django_content_type__old"; (params ())
2018-09-04 19:06:45,698 [MainThread:140203077801792] [django.db.backends.schema:124] [schema:execute] [DEBUG]- CREATE UNIQUE INDEX django_content_type_app_label_model_76bd3d3b_uniq ON "django_content_type" ("app_label", "model"); (params ())
2018-09-04 19:06:45,751 [MainThread:140203077801792] [django.db.backends.schema:124] [schema:execute] [DEBUG]- ALTER TABLE "auth_permission" RENAME TO "auth_permission__old"; (params ())
2018-09-04 19:06:45,751 [MainThread:140203077801792] [django.db.backends.schema:124] [schema:execute] [DEBUG]- CREATE TABLE "auth_permission" ("id" integer NOT NULL PRIMARY KEY AUTOINCREMENT, "content_type_id" integer NOT NULL REFERENCES "django_content_type" ("id") DEFERRABLE INITIALLY DEFERRED, "codename" varchar(100) NOT NULL, "name" varchar(255) NOT NULL); (params None)
2018-09-04 19:06:45,752 [MainThread:140203077801792] [django.db.backends.schema:124] [schema:execute] [DEBUG]- INSERT INTO "auth_permission" ("id", "content_type_id", "codename", "name") SELECT "id", "content_type_id", "codename", "name" FROM "auth_permission__old"; (params ())
2018-09-04 19:06:45,755 [MainThread:140203077801792] [django.db.backends.schema:124] [schema:execute] [DEBUG]- DROP TABLE "auth_permission__old"; (params ())
2018-09-04 19:06:45,757 [MainThread:140203077801792] [django.db.backends.schema:124] [schema:execute] [DEBUG]- CREATE UNIQUE INDEX auth_permission_content_type_id_codename_01ab375a_uniq ON "auth_permission" ("content_type_id", "codename"); (params ())
2018-09-04 19:06:45,761 [MainThread:140203077801792] [django.db.backends.schema:124] [schema:execute] [DEBUG]- CREATE INDEX "auth_permission_content_type_id_2f476e4b" ON "auth_permission" ("content_type_id"); (params ())
2018-09-04 19:06:45,828 [MainThread:140203077801792] [django.db.backends.schema:124] [schema:execute] [DEBUG]- ALTER TABLE "auth_user" RENAME TO "auth_user__old"; (params ())
2018-09-04 19:06:45,831 [MainThread:140203077801792] [django.db.backends.schema:124] [schema:execute] [DEBUG]- CREATE TABLE "auth_user" ("id" integer NOT NULL PRIMARY KEY AUTOINCREMENT, "password" varchar(128) NOT NULL, "last_login" datetime NOT NULL, "is_superuser" bool NOT NULL, "username" varchar(30) NOT NULL UNIQUE, "first_name" varchar(30) NOT NULL, "last_name" varchar(30) NOT NULL, "is_staff" bool NOT NULL, "is_active" bool NOT NULL, "date_joined" datetime NOT NULL, "email" varchar(254) NOT NULL); (params None)
2018-09-04 19:06:45,831 [MainThread:140203077801792] [django.db.backends.schema:124] [schema:execute] [DEBUG]- INSERT INTO "auth_user" ("id", "password", "last_login", "is_superuser", "username", "first_name", "last_name", "is_staff", "is_active", "date_joined", "email") SELECT "id", "password", "last_login", "is_superuser", "username", "first_name", "last_name", "is_staff", "is_active", "date_joined", "email" FROM "auth_user__old"; (params ())
2018-09-04 19:06:45,834 [MainThread:140203077801792] [django.db.backends.schema:124] [schema:execute] [DEBUG]- DROP TABLE "auth_user__old"; (params ())
2018-09-04 19:06:45,903 [MainThread:140203077801792] [django.db.backends.schema:124] [schema:execute] [DEBUG]- ALTER TABLE "auth_user" RENAME TO "auth_user__old"; (params ())
2018-09-04 19:06:45,911 [MainThread:140203077801792] [django.db.backends.schema:124] [schema:execute] [DEBUG]- CREATE TABLE "auth_user" ("id" integer NOT NULL PRIMARY KEY AUTOINCREMENT, "password" varchar(128) NOT NULL, "last_login" datetime NOT NULL, "is_superuser" bool NOT NULL, "first_name" varchar(30) NOT NULL, "last_name" varchar(30) NOT NULL, "email" varchar(254) NOT NULL, "is_staff" bool NOT NULL, "is_active" bool NOT NULL, "date_joined" datetime NOT NULL, "username" varchar(30) NOT NULL UNIQUE); (params None)
2018-09-04 19:06:45,915 [MainThread:140203077801792] [django.db.backends.schema:124] [schema:execute] [DEBUG]- INSERT INTO "auth_user" ("id", "password", "last_login", "is_superuser", "first_name", "last_name", "email", "is_staff", "is_active", "date_joined", "username") SELECT "id", "password", "last_login", "is_superuser", "first_name", "last_name", "email", "is_staff", "is_active", "date_joined", "username" FROM "auth_user__old"; (params ())
2018-09-04 19:06:45,915 [MainThread:140203077801792] [django.db.backends.schema:124] [schema:execute] [DEBUG]- DROP TABLE "auth_user__old"; (params ())
2018-09-04 19:06:46,028 [MainThread:140203077801792] [django.db.backends.schema:124] [schema:execute] [DEBUG]- ALTER TABLE "auth_user" RENAME TO "auth_user__old"; (params ())
2018-09-04 19:06:46,031 [MainThread:140203077801792] [django.db.backends.schema:124] [schema:execute] [DEBUG]- CREATE TABLE "auth_user" ("id" integer NOT NULL PRIMARY KEY AUTOINCREMENT, "password" varchar(128) NOT NULL, "is_superuser" bool NOT NULL, "username" varchar(30) NOT NULL UNIQUE, "first_name" varchar(30) NOT NULL, "last_name" varchar(30) NOT NULL, "email" varchar(254) NOT NULL, "is_staff" bool NOT NULL, "is_active" bool NOT NULL, "date_joined" datetime NOT NULL, "last_login" datetime NULL); (params None)
2018-09-04 19:06:46,034 [MainThread:140203077801792] [django.db.backends.schema:124] [schema:execute] [DEBUG]- INSERT INTO "auth_user" ("id", "password", "is_superuser", "username", "first_name", "last_name", "email", "is_staff", "is_active", "date_joined", "last_login") SELECT "id", "password", "is_superuser", "username", "first_name", "last_name", "email", "is_staff", "is_active", "date_joined", "last_login" FROM "auth_user__old"; (params ())
2018-09-04 19:06:46,043 [MainThread:140203077801792] [django.db.backends.schema:124] [schema:execute] [DEBUG]- DROP TABLE "auth_user__old"; (params ())
2018-09-04 19:06:46,124 [MainThread:140203077801792] [django.db.backends.schema:124] [schema:execute] [DEBUG]- ALTER TABLE "auth_user" RENAME TO "auth_user__old"; (params ())
2018-09-04 19:06:46,131 [MainThread:140203077801792] [django.db.backends.schema:124] [schema:execute] [DEBUG]- CREATE TABLE "auth_user" ("id" integer NOT NULL PRIMARY KEY AUTOINCREMENT, "password" varchar(128) NOT NULL, "last_login" datetime NULL, "is_superuser" bool NOT NULL, "first_name" varchar(30) NOT NULL, "last_name" varchar(30) NOT NULL, "email" varchar(254) NOT NULL, "is_staff" bool NOT NULL, "is_active" bool NOT NULL, "date_joined" datetime NOT NULL, "username" varchar(30) NOT NULL UNIQUE); (params None)
2018-09-04 19:06:46,132 [MainThread:140203077801792] [django.db.backends.schema:124] [schema:execute] [DEBUG]- INSERT INTO "auth_user" ("id", "password", "last_login", "is_superuser", "first_name", "last_name", "email", "is_staff", "is_active", "date_joined", "username") SELECT "id", "password", "last_login", "is_superuser", "first_name", "last_name", "email", "is_staff", "is_active", "date_joined", "username" FROM "auth_user__old"; (params ())
2018-09-04 19:06:46,133 [MainThread:140203077801792] [django.db.backends.schema:124] [schema:execute] [DEBUG]- DROP TABLE "auth_user__old"; (params ())
2018-09-04 19:06:46,183 [MainThread:140203077801792] [django.db.backends.schema:124] [schema:execute] [DEBUG]- ALTER TABLE "auth_user" RENAME TO "auth_user__old"; (params ())
2018-09-04 19:06:46,184 [MainThread:140203077801792] [django.db.backends.schema:124] [schema:execute] [DEBUG]- CREATE TABLE "auth_user" ("id" integer NOT NULL PRIMARY KEY AUTOINCREMENT, "password" varchar(128) NOT NULL, "last_login" datetime NULL, "is_superuser" bool NOT NULL, "first_name" varchar(30) NOT NULL, "last_name" varchar(30) NOT NULL, "email" varchar(254) NOT NULL, "is_staff" bool NOT NULL, "is_active" bool NOT NULL, "date_joined" datetime NOT NULL, "username" varchar(150) NOT NULL UNIQUE); (params None)
2018-09-04 19:06:46,184 [MainThread:140203077801792] [django.db.backends.schema:124] [schema:execute] [DEBUG]- INSERT INTO "auth_user" ("id", "password", "last_login", "is_superuser", "first_name", "last_name", "email", "is_staff", "is_active", "date_joined", "username") SELECT "id", "password", "last_login", "is_superuser", "first_name", "last_name", "email", "is_staff", "is_active", "date_joined", "username" FROM "auth_user__old"; (params ())
2018-09-04 19:06:46,185 [MainThread:140203077801792] [django.db.backends.schema:124] [schema:execute] [DEBUG]- DROP TABLE "auth_user__old"; (params ())
2018-09-04 19:06:46,268 [MainThread:140203077801792] [django.db.backends.schema:124] [schema:execute] [DEBUG]- ALTER TABLE "auth_user" RENAME TO "auth_user__old"; (params ())
2018-09-04 19:06:46,274 [MainThread:140203077801792] [django.db.backends.schema:124] [schema:execute] [DEBUG]- CREATE TABLE "auth_user" ("id" integer NOT NULL PRIMARY KEY AUTOINCREMENT, "password" varchar(128) NOT NULL, "last_login" datetime NULL, "is_superuser" bool NOT NULL, "username" varchar(150) NOT NULL UNIQUE, "first_name" varchar(30) NOT NULL, "email" varchar(254) NOT NULL, "is_staff" bool NOT NULL, "is_active" bool NOT NULL, "date_joined" datetime NOT NULL, "last_name" varchar(150) NOT NULL); (params None)
2018-09-04 19:06:46,275 [MainThread:140203077801792] [django.db.backends.schema:124] [schema:execute] [DEBUG]- INSERT INTO "auth_user" ("id", "password", "last_login", "is_superuser", "username", "first_name", "email", "is_staff", "is_active", "date_joined", "last_name") SELECT "id", "password", "last_login", "is_superuser", "username", "first_name", "email", "is_staff", "is_active", "date_joined", "last_name" FROM "auth_user__old"; (params ())
2018-09-04 19:06:46,282 [MainThread:140203077801792] [django.db.backends.schema:124] [schema:execute] [DEBUG]- DROP TABLE "auth_user__old"; (params ())
2018-09-04 19:06:46,285 [MainThread:140203077801792] [django.db.backends.schema:124] [schema:execute] [DEBUG]- CREATE TABLE "image_zone_display_image" ("id" integer NOT NULL PRIMARY KEY AUTOINCREMENT, "image_title" varchar(20) NOT NULL, "image_url" varchar(20) NOT NULL, "image_description" text NOT NULL); (params None)
2018-09-04 19:06:46,306 [MainThread:140203077801792] [django.db.backends.schema:124] [schema:execute] [DEBUG]- ALTER TABLE "image_zone_display_image" RENAME TO "image_zone_display_image__old"; (params ())
2018-09-04 19:06:46,311 [MainThread:140203077801792] [django.db.backends.schema:124] [schema:execute] [DEBUG]- CREATE TABLE "image_zone_display_image" ("id" integer NOT NULL PRIMARY KEY AUTOINCREMENT, "image_title" varchar(20) NOT NULL, "image_description" text NOT NULL, "image_url" varchar(100) NOT NULL); (params None)
2018-09-04 19:06:46,315 [MainThread:140203077801792] [django.db.backends.schema:124] [schema:execute] [DEBUG]- INSERT INTO "image_zone_display_image" ("id", "image_title", "image_description", "image_url") SELECT "id", "image_title", "image_description", "image_url" FROM "image_zone_display_image__old"; (params ())
2018-09-04 19:06:46,315 [MainThread:140203077801792] [django.db.backends.schema:124] [schema:execute] [DEBUG]- DROP TABLE "image_zone_display_image__old"; (params ())
2018-09-04 19:06:46,328 [MainThread:140203077801792] [django.db.backends.schema:124] [schema:execute] [DEBUG]- CREATE TABLE "django_session" ("session_key" varchar(40) NOT NULL PRIMARY KEY, "session_data" text NOT NULL, "expire_date" datetime NOT NULL); (params None)
2018-09-04 19:06:46,336 [MainThread:140203077801792] [django.db.backends.schema:124] [schema:execute] [DEBUG]- CREATE INDEX "django_session_expire_date_a5c62663" ON "django_session" ("expire_date"); (params ())
